<?xml version="1.0" encoding="UTF-8"?>
<!-- Generated by org.testng.reporters.JUnitReportReporter -->
<testsuite skipped="0" hostname="DESKTOP-URR42NM" name="automationFramework.AddressBooktesteng" tests="2" failures="0" timestamp="03 Oct 2020 18:11:53 GMT" time="10.056" errors="0">
  <testcase name="b_signup" time="1.045" classname="automationFramework.AddressBooktesteng"/>
  <testcase name="a_pageload" time="9.011" classname="automationFramework.AddressBooktesteng"/>
</testsuite> <!-- automationFramework.AddressBooktesteng -->
