<?xml version="1.0" encoding="UTF-8"?>
<!-- Generated by org.testng.reporters.JUnitReportReporter -->
<testsuite skipped="0" hostname="DESKTOP-URR42NM" name="automationFramework.Laptoporder2" tests="2" failures="0" timestamp="03 Oct 2020 19:07:58 GMT" time="12.793" errors="0">
  <testcase name="b_search" time="1.674" classname="automationFramework.Laptoporder2"/>
  <testcase name="a_laptop" time="11.119" classname="automationFramework.Laptoporder2"/>
</testsuite> <!-- automationFramework.Laptoporder2 -->
