<?xml version="1.0" encoding="UTF-8"?>
<!-- Generated by org.testng.reporters.JUnitReportReporter -->
<testsuite skipped="0" hostname="DESKTOP-URR42NM" name="automationFramework.Modeltest" tests="2" failures="0" timestamp="03 Oct 2020 19:03:59 GMT" time="12.415" errors="0">
  <testcase name="b_search" time="0.813" classname="automationFramework.Modeltest"/>
  <testcase name="a_Modeltest" time="11.602" classname="automationFramework.Modeltest"/>
</testsuite> <!-- automationFramework.Modeltest -->
