<?xml version="1.0" encoding="UTF-8"?>
<!-- Generated by org.testng.reporters.JUnitReportReporter -->
<testsuite skipped="0" hostname="DESKTOP-URR42NM" name="script.script" tests="2" failures="0" timestamp="03 Oct 2020 18:01:56 GMT" time="16.500" errors="0">
  <testcase name="a_pageload" time="11.100" classname="script.script"/>
  <testcase name="b_signinout" time="5.400" classname="script.script"/>
</testsuite> <!-- script.script -->
